app/build/intermediates/manifest_merge_blame_file/release/processReleaseMainManifest/manifest-merger-blame-release-report.txt
1<?xml version="1.0" encoding="utf-8"?>
2<manifest xmlns:android="http://schemas.android.com/apk/res/android"
3    package="com.example.iq5"
4    android:versionCode="1"
5    android:versionName="1.0" >
6
7    <uses-sdk
8        android:minSdkVersion="24"
9        android:targetSdkVersion="36" />
10
11    <uses-permission android:name="android.permission.INTERNET" />
11-->src\main\AndroidManifest.xml:4:5-67
11-->src\main\AndroidManifest.xml:4:22-64
12    <uses-permission android:name="android.permission.ACCESS_NETWORK_STATE" />
12-->src\main\AndroidManifest.xml:5:5-79
12-->src\main\AndroidManifest.xml:5:22-76
13    <uses-permission android:name="android.permission.INTERNET" />
13-->src\main\AndroidManifest.xml:4:5-67
13-->src\main\AndroidManifest.xml:4:22-64
14
15    <permission
15-->[androidx.core:core:1.13.0] AndroidManifest.xml:22:5-24:47
16        android:name="com.example.iq5.DYNAMIC_RECEIVER_NOT_EXPORTED_PERMISSION"
16-->[androidx.core:core:1.13.0] AndroidManifest.xml:23:9-81
17        android:protectionLevel="signature" />
17-->[androidx.core:core:1.13.0] AndroidManifest.xml:24:9-44
18
19    <uses-permission android:name="com.example.iq5.DYNAMIC_RECEIVER_NOT_EXPORTED_PERMISSION" />
19-->[androidx.core:core:1.13.0] AndroidManifest.xml:26:5-97
19-->[androidx.core:core:1.13.0] AndroidManifest.xml:26:22-94
20
21    <application
21-->src\main\AndroidManifest.xml:9:5-112:19
22        android:allowBackup="true"
22-->src\main\AndroidManifest.xml:10:9-35
23        android:appComponentFactory="androidx.core.app.CoreComponentFactory"
23-->[androidx.core:core:1.13.0] AndroidManifest.xml:28:18-86
24        android:extractNativeLibs="false"
25        android:icon="@mipmap/ic_launcher"
25-->src\main\AndroidManifest.xml:12:9-43
26        android:label="@string/app_name"
26-->src\main\AndroidManifest.xml:11:9-41
27        android:networkSecurityConfig="@xml/network_security_config"
27-->src\main\AndroidManifest.xml:16:9-69
28        android:roundIcon="@mipmap/ic_launcher_round"
28-->src\main\AndroidManifest.xml:13:9-54
29        android:supportsRtl="true"
29-->src\main\AndroidManifest.xml:14:9-35
30        android:theme="@style/Theme.IQ5" >
30-->src\main\AndroidManifest.xml:15:9-41
31
32        <!-- Launcher: SplashActivity -->
33
34        <activity
34-->src\main\AndroidManifest.xml:20:9-27:20
35            android:name="com.example.iq5.feature.auth.ui.SplashActivity"
35-->src\main\AndroidManifest.xml:21:13-59
36            android:exported="true" >
36-->src\main\AndroidManifest.xml:22:13-36
37            <intent-filter>
37-->src\main\AndroidManifest.xml:23:13-26:29
38                <action android:name="android.intent.action.MAIN" />
38-->src\main\AndroidManifest.xml:24:17-69
38-->src\main\AndroidManifest.xml:24:25-66
39
40                <category android:name="android.intent.category.LAUNCHER" />
40-->src\main\AndroidManifest.xml:25:17-77
40-->src\main\AndroidManifest.xml:25:27-74
41            </intent-filter>
42        </activity>
43
44        <!-- Auth -->
45        <activity
45-->src\main\AndroidManifest.xml:30:9-32:40
46            android:name="com.example.iq5.feature.auth.ui.LoginActivity"
46-->src\main\AndroidManifest.xml:31:13-58
47            android:exported="false" />
47-->src\main\AndroidManifest.xml:32:13-37
48        <activity
48-->src\main\AndroidManifest.xml:34:9-36:40
49            android:name="com.example.iq5.feature.auth.ui.RegisterActivity"
49-->src\main\AndroidManifest.xml:35:13-61
50            android:exported="false" />
50-->src\main\AndroidManifest.xml:36:13-37
51        <activity
51-->src\main\AndroidManifest.xml:38:9-40:40
52            android:name="com.example.iq5.feature.auth.ui.HomeActivity"
52-->src\main\AndroidManifest.xml:39:13-57
53            android:exported="false" />
53-->src\main\AndroidManifest.xml:40:13-37
54        <activity
54-->src\main\AndroidManifest.xml:42:9-44:40
55            android:name="com.example.iq5.feature.auth.ui.ProfileActivity"
55-->src\main\AndroidManifest.xml:43:13-60
56            android:exported="false" />
56-->src\main\AndroidManifest.xml:44:13-37
57        <activity
57-->src\main\AndroidManifest.xml:46:9-48:40
58            android:name="com.example.iq5.feature.auth.ui.SettingsActivity"
58-->src\main\AndroidManifest.xml:47:13-61
59            android:exported="false" />
59-->src\main\AndroidManifest.xml:48:13-37
60
61        <!-- Quiz -->
62        <activity
62-->src\main\AndroidManifest.xml:51:9-53:40
63            android:name="com.example.iq5.feature.quiz.ui.SelectCategoryActivity"
63-->src\main\AndroidManifest.xml:52:13-67
64            android:exported="false" />
64-->src\main\AndroidManifest.xml:53:13-37
65        <activity
65-->src\main\AndroidManifest.xml:55:9-57:40
66            android:name="com.example.iq5.feature.quiz.ui.QuizActivity"
66-->src\main\AndroidManifest.xml:56:13-57
67            android:exported="false" />
67-->src\main\AndroidManifest.xml:57:13-37
68        <activity
68-->src\main\AndroidManifest.xml:59:9-61:40
69            android:name="com.example.iq5.feature.quiz.ui.ReviewQuestionActivity"
69-->src\main\AndroidManifest.xml:60:13-67
70            android:exported="false" />
70-->src\main\AndroidManifest.xml:61:13-37
71
72        <!-- Result / Reward / Stats -->
73        <activity
73-->src\main\AndroidManifest.xml:64:9-66:40
74            android:name="com.example.iq5.feature.result.ui.ResultActivity"
74-->src\main\AndroidManifest.xml:65:13-61
75            android:exported="false" />
75-->src\main\AndroidManifest.xml:66:13-37
76        <activity
76-->src\main\AndroidManifest.xml:68:9-70:40
77            android:name="com.example.iq5.feature.result.ui.DailyRewardActivity"
77-->src\main\AndroidManifest.xml:69:13-66
78            android:exported="false" />
78-->src\main\AndroidManifest.xml:70:13-37
79        <activity
79-->src\main\AndroidManifest.xml:72:9-74:40
80            android:name="com.example.iq5.feature.result.ui.AchievementActivity"
80-->src\main\AndroidManifest.xml:73:13-66
81            android:exported="false" />
81-->src\main\AndroidManifest.xml:74:13-37
82        <activity
82-->src\main\AndroidManifest.xml:76:9-78:40
83            android:name="com.example.iq5.feature.result.ui.StatsActivity"
83-->src\main\AndroidManifest.xml:77:13-60
84            android:exported="false" />
84-->src\main\AndroidManifest.xml:78:13-37
85        <activity
85-->src\main\AndroidManifest.xml:80:9-82:40
86            android:name="com.example.iq5.feature.result.ui.StreakActivity"
86-->src\main\AndroidManifest.xml:81:13-61
87            android:exported="false" />
87-->src\main\AndroidManifest.xml:82:13-37
88
89        <!-- MainActivity chỉ để debug (không launcher) -->
90        <activity
90-->src\main\AndroidManifest.xml:85:9-87:40
91            android:name="com.example.iq5.MainActivity"
91-->src\main\AndroidManifest.xml:86:13-41
92            android:exported="false" />
92-->src\main\AndroidManifest.xml:87:13-37
93        <activity
93-->src\main\AndroidManifest.xml:90:9-92:40
94            android:name="com.example.iq5.feature.multiplayer.ui.FindMatchActivity"
94-->src\main\AndroidManifest.xml:91:13-69
95            android:exported="false" />
95-->src\main\AndroidManifest.xml:92:13-37
96        <activity
96-->src\main\AndroidManifest.xml:94:9-96:40
97            android:name="com.example.iq5.feature.multiplayer.ui.RoomLobbyActivity"
97-->src\main\AndroidManifest.xml:95:13-69
98            android:exported="false" />
98-->src\main\AndroidManifest.xml:96:13-37
99        <activity
99-->src\main\AndroidManifest.xml:98:9-101:40
100            android:name="com.example.iq5.feature.multiplayer.ui.PvPBattleActivity"
100-->src\main\AndroidManifest.xml:99:13-69
101            android:exported="false"
101-->src\main\AndroidManifest.xml:100:13-37
102            android:noHistory="true" />
102-->src\main\AndroidManifest.xml:101:13-37
103        <activity
103-->src\main\AndroidManifest.xml:101:41-104:36
104            android:name="com.example.iq5.feature.multiplayer.ui.CompareResultActivity"
104-->src\main\AndroidManifest.xml:102:9-69
105            android:exported="false"
105-->src\main\AndroidManifest.xml:103:9-33
106            android:noHistory="true" />
106-->src\main\AndroidManifest.xml:104:9-33
107        <activity
107-->src\main\AndroidManifest.xml:104:37-106:36
108            android:name="com.example.iq5.feature.multiplayer.ui.FriendsActivity"
108-->src\main\AndroidManifest.xml:105:9-63
109            android:exported="false" />
109-->src\main\AndroidManifest.xml:106:9-33
110        <activity
110-->src\main\AndroidManifest.xml:108:9-110:40
111            android:name="com.example.iq5.feature.multiplayer.ui.LeaderboardActivity"
111-->src\main\AndroidManifest.xml:109:13-71
112            android:exported="false" />
112-->src\main\AndroidManifest.xml:110:13-37
113
114        <service
114-->[androidx.room:room-runtime-android:2.8.3] AndroidManifest.xml:24:9-28:63
115            android:name="androidx.room.MultiInstanceInvalidationService"
115-->[androidx.room:room-runtime-android:2.8.3] AndroidManifest.xml:25:13-74
116            android:directBootAware="true"
116-->[androidx.room:room-runtime-android:2.8.3] AndroidManifest.xml:26:13-43
117            android:exported="false" />
117-->[androidx.room:room-runtime-android:2.8.3] AndroidManifest.xml:27:13-37
118
119        <provider
119-->[androidx.emoji2:emoji2:1.3.0] AndroidManifest.xml:24:9-32:20
120            android:name="androidx.startup.InitializationProvider"
120-->[androidx.emoji2:emoji2:1.3.0] AndroidManifest.xml:25:13-67
121            android:authorities="com.example.iq5.androidx-startup"
121-->[androidx.emoji2:emoji2:1.3.0] AndroidManifest.xml:26:13-68
122            android:exported="false" >
122-->[androidx.emoji2:emoji2:1.3.0] AndroidManifest.xml:27:13-37
123            <meta-data
123-->[androidx.emoji2:emoji2:1.3.0] AndroidManifest.xml:29:13-31:52
124                android:name="androidx.emoji2.text.EmojiCompatInitializer"
124-->[androidx.emoji2:emoji2:1.3.0] AndroidManifest.xml:30:17-75
125                android:value="androidx.startup" />
125-->[androidx.emoji2:emoji2:1.3.0] AndroidManifest.xml:31:17-49
126            <meta-data
126-->[androidx.lifecycle:lifecycle-process:2.6.2] AndroidManifest.xml:29:13-31:52
127                android:name="androidx.lifecycle.ProcessLifecycleInitializer"
127-->[androidx.lifecycle:lifecycle-process:2.6.2] AndroidManifest.xml:30:17-78
128                android:value="androidx.startup" />
128-->[androidx.lifecycle:lifecycle-process:2.6.2] AndroidManifest.xml:31:17-49
129            <meta-data
129-->[androidx.profileinstaller:profileinstaller:1.4.0] AndroidManifest.xml:29:13-31:52
130                android:name="androidx.profileinstaller.ProfileInstallerInitializer"
130-->[androidx.profileinstaller:profileinstaller:1.4.0] AndroidManifest.xml:30:17-85
131                android:value="androidx.startup" />
131-->[androidx.profileinstaller:profileinstaller:1.4.0] AndroidManifest.xml:31:17-49
132        </provider>
133
134        <receiver
134-->[androidx.profileinstaller:profileinstaller:1.4.0] AndroidManifest.xml:34:9-52:20
135            android:name="androidx.profileinstaller.ProfileInstallReceiver"
135-->[androidx.profileinstaller:profileinstaller:1.4.0] AndroidManifest.xml:35:13-76
136            android:directBootAware="false"
136-->[androidx.profileinstaller:profileinstaller:1.4.0] AndroidManifest.xml:36:13-44
137            android:enabled="true"
137-->[androidx.profileinstaller:profileinstaller:1.4.0] AndroidManifest.xml:37:13-35
138            android:exported="true"
138-->[androidx.profileinstaller:profileinstaller:1.4.0] AndroidManifest.xml:38:13-36
139            android:permission="android.permission.DUMP" >
139-->[androidx.profileinstaller:profileinstaller:1.4.0] AndroidManifest.xml:39:13-57
140            <intent-filter>
140-->[androidx.profileinstaller:profileinstaller:1.4.0] AndroidManifest.xml:40:13-42:29
141                <action android:name="androidx.profileinstaller.action.INSTALL_PROFILE" />
141-->[androidx.profileinstaller:profileinstaller:1.4.0] AndroidManifest.xml:41:17-91
141-->[androidx.profileinstaller:profileinstaller:1.4.0] AndroidManifest.xml:41:25-88
142            </intent-filter>
143            <intent-filter>
143-->[androidx.profileinstaller:profileinstaller:1.4.0] AndroidManifest.xml:43:13-45:29
144                <action android:name="androidx.profileinstaller.action.SKIP_FILE" />
144-->[androidx.profileinstaller:profileinstaller:1.4.0] AndroidManifest.xml:44:17-85
144-->[androidx.profileinstaller:profileinstaller:1.4.0] AndroidManifest.xml:44:25-82
145            </intent-filter>
146            <intent-filter>
146-->[androidx.profileinstaller:profileinstaller:1.4.0] AndroidManifest.xml:46:13-48:29
147                <action android:name="androidx.profileinstaller.action.SAVE_PROFILE" />
147-->[androidx.profileinstaller:profileinstaller:1.4.0] AndroidManifest.xml:47:17-88
147-->[androidx.profileinstaller:profileinstaller:1.4.0] AndroidManifest.xml:47:25-85
148            </intent-filter>
149            <intent-filter>
149-->[androidx.profileinstaller:profileinstaller:1.4.0] AndroidManifest.xml:49:13-51:29
150                <action android:name="androidx.profileinstaller.action.BENCHMARK_OPERATION" />
150-->[androidx.profileinstaller:profileinstaller:1.4.0] AndroidManifest.xml:50:17-95
150-->[androidx.profileinstaller:profileinstaller:1.4.0] AndroidManifest.xml:50:25-92
151            </intent-filter>
152        </receiver>
153    </application>
154
155</manifest>